[{"line":2,"elements":[{"start_timestamp":"2023-01-10T15:25:33.965Z","before":[{"result":{"duration":13765784900,"status":"passed"},"match":{"location":"util.hooks.before()"}}],"line":11,"name":"Kullanıcı olmadan giriş yapmak","description":"","id":"mobil-testleri;kullanıcı-olmadan-giriş-yapmak;;2","after":[{"result":{"duration":997000,"status":"passed"},"match":{"location":"util.hooks.after()"}}],"type":"scenario","keyword":"Scenario Outline","steps":[{"result":{"error_message":"org.openqa.selenium.WebDriverException: An unknown server-side error occurred while processing the command. Original error: java.lang.IllegalArgumentException: Namespace with prefix 'com.amazon.mShop.android.shopping' has not been declared.\nBuild info: version: '4.7.2', revision: '4d4020c3b7'\nSystem info: os.name: 'Windows 10', os.arch: 'amd64', os.version: '10.0', java.version: '11.0.17'\nDriver info: org.openqa.selenium.remote.RemoteWebDriver\nCommand: [e6adfdd5-8b13-482d-aa5a-652c9707bd61, findElement {using=xpath, value=com.amazon.mShop.android.shopping:id/signin_to_yourAccount}]\nCapabilities {appActivity: com.amazon.mShop.splashscre..., appPackage: com.amazon.mShop.android.sh..., databaseEnabled: false, desired: {appActivity: com.amazon.mShop.splashscre..., appPackage: com.amazon.mShop.android.sh..., deviceName: R68T701AZ3N, platformName: android, platformVersion: 12}, deviceApiLevel: 31, deviceManufacturer: samsung, deviceModel: SM-A525F, deviceName: R68T701AZ3N, deviceScreenDensity: 420, deviceScreenSize: 1080x2400, deviceUDID: R68T701AZ3N, javascriptEnabled: true, locationContextEnabled: false, networkConnectionEnabled: true, pixelRatio: 2.625, platform: LINUX, platformName: ANDROID, platformVersion: 12, statBarHeight: 87, takesScreenshot: true, viewportRect: {height: 2099, left: 0, top: 87, width: 1080}, warnings: {}, webStorageEnabled: false}\nSession ID: e6adfdd5-8b13-482d-aa5a-652c9707bd61\r\n\tat java.base/jdk.internal.reflect.NativeConstructorAccessorImpl.newInstance0(Native Method)\r\n\tat java.base/jdk.internal.reflect.NativeConstructorAccessorImpl.newInstance(NativeConstructorAccessorImpl.java:62)\r\n\tat java.base/jdk.internal.reflect.DelegatingConstructorAccessorImpl.newInstance(DelegatingConstructorAccessorImpl.java:45)\r\n\tat java.base/java.lang.reflect.Constructor.newInstance(Constructor.java:490)\r\n\tat org.openqa.selenium.remote.codec.w3c.W3CHttpResponseCodec.createException(W3CHttpResponseCodec.java:200)\r\n\tat org.openqa.selenium.remote.codec.w3c.W3CHttpResponseCodec.decode(W3CHttpResponseCodec.java:133)\r\n\tat org.openqa.selenium.remote.codec.w3c.W3CHttpResponseCodec.decode(W3CHttpResponseCodec.java:53)\r\n\tat org.openqa.selenium.remote.HttpCommandExecutor.execute(HttpCommandExecutor.java:184)\r\n\tat org.openqa.selenium.remote.TracedCommandExecutor.execute(TracedCommandExecutor.java:51)\r\n\tat org.openqa.selenium.remote.RemoteWebDriver.execute(RemoteWebDriver.java:535)\r\n\tat org.openqa.selenium.remote.ElementLocation$ElementFinder$2.findElement(ElementLocation.java:162)\r\n\tat org.openqa.selenium.remote.ElementLocation.findElement(ElementLocation.java:60)\r\n\tat org.openqa.selenium.remote.RemoteWebDriver.findElement(RemoteWebDriver.java:351)\r\n\tat org.openqa.selenium.remote.RemoteWebDriver.findElement(RemoteWebDriver.java:343)\r\n\tat org.openqa.selenium.support.ui.ExpectedConditions$6.apply(ExpectedConditions.java:174)\r\n\tat org.openqa.selenium.support.ui.ExpectedConditions$6.apply(ExpectedConditions.java:171)\r\n\tat org.openqa.selenium.support.ui.FluentWait.until(FluentWait.java:208)\r\n\tat util.elementHelper.checkElementPresence(elementHelper.java:43)\r\n\tat pages.loginPage.checkAccount(loginPage.java:20)\r\n\tat stepDefinations.login.userShouldSeeTheLoginPage(login.java:17)\r\n\tat ✽.user should see the Login page(file:///C:/Users/aysuog/Downloads/Appium/src/test/java/features/homePage.feature:6)\r\n","duration":322137400,"status":"failed"},"before":[{"result":{"status":"passed"},"match":{"location":"util.hooks.beforeStep()"}}],"line":6,"name":"user should see the Login page","match":{"location":"stepDefinations.login.userShouldSeeTheLoginPage()"},"after":[{"result":{"duration":997600,"status":"passed"},"match":{"location":"util.hooks.afterStep()"}}],"keyword":"Given "},{"result":{"duration":996700,"status":"skipped"},"before":[{"result":{"duration":997900,"status":"skipped"},"match":{"location":"util.hooks.beforeStep()"}}],"line":7,"name":"user taps to \"Girişi Atla\" button on the Login page","match":{"arguments":[{"val":"\"Girişi Atla\"","offset":13}],"location":"stepDefinations.login.userTapsToButtonOnTheLoginPage(java.lang.String)"},"after":[{"result":{"duration":997700,"status":"skipped"},"match":{"location":"util.hooks.afterStep()"}}],"keyword":"When "},{"result":{"duration":1995300,"status":"skipped"},"before":[{"result":{"status":"skipped"},"match":{"location":"util.hooks.beforeStep()"}}],"line":8,"name":"user should see the Home page","match":{"location":"stepDefinations.home.userShouldSeeTheHomePage()"},"after":[{"result":{"status":"skipped"},"match":{"location":"util.hooks.afterStep()"}}],"keyword":"Then "}],"tags":[{"name":"@Mobil"},{"name":"@Home"}]}],"name":"Mobil testleri","description":"","id":"mobil-testleri","keyword":"Feature","uri":"file:src/test/java/features/homePage.feature","tags":[{"name":"@Mobil","type":"Tag","location":{"line":1,"column":1}}]}]